DoorsTest.cs(59,27): error CS1061: Type `int' does not contain a definition for `Closed' and no extension method `Closed' of type `int' could be found. Are you missing an assembly reference?
/usr/lib/mono/4.5/mscorlib.dll (Location of the symbol related to previous error)
DoorsTest.cs(63,28): error CS1061: Type `int' does not contain a definition for `Closed' and no extension method `Closed' of type `int' could be found. Are you missing an assembly reference?
/usr/lib/mono/4.5/mscorlib.dll (Location of the symbol related to previous error)
